[debug] [2025-03-04T00:16:46.938Z] ----------------------------------------------------------------------
[debug] [2025-03-04T00:16:46.940Z] Command:       C:\Users\carlo\AppData\Local\fnm_multishells\25180_1741014741434\node.exe C:\Users\carlo\AppData\Local\fnm_multishells\25180_1741014741434\node_modules\firebase-tools\lib\bin\firebase.js init
[debug] [2025-03-04T00:16:46.940Z] CLI Version:   13.31.2
[debug] [2025-03-04T00:16:46.940Z] Platform:      win32
[debug] [2025-03-04T00:16:46.940Z] Node Version:  v20.17.0
[debug] [2025-03-04T00:16:46.940Z] Time:          Mon Mar 03 2025 19:16:46 GMT-0500 (Eastern Standard Time)
[debug] [2025-03-04T00:16:46.941Z] ----------------------------------------------------------------------
[debug] 
[debug] [2025-03-04T00:16:47.069Z] > command requires scopes: ["email","openid","https://www.googleapis.com/auth/cloudplatformprojects.readonly","https://www.googleapis.com/auth/firebase","https://www.googleapis.com/auth/cloud-platform"]
[debug] [2025-03-04T00:16:47.069Z] > authorizing via signed-in user (carlosalberto.carmona@gmail.com)
[info] 
     ######## #### ########  ######## ########     ###     ######  ########
     ##        ##  ##     ## ##       ##     ##  ##   ##  ##       ##
     ######    ##  ########  ######   ########  #########  ######  ######
     ##        ##  ##    ##  ##       ##     ## ##     ##       ## ##
     ##       #### ##     ## ######## ########  ##     ##  ######  ########

You're about to initialize a Firebase project in this directory:

  C:\Users\carlo\OneDrive - Fanshawec.ca\Desktop\2025W\WebDevelopment_INFO_5146\kakeibo

Before we get started, keep in mind:

  * You are initializing within an existing Firebase project directory

[info] 
=== Project Setup
[info] 
[info] First, let's associate this project directory with a Firebase project.
[info] You can create multiple project aliases by running firebase use --add, 
[info] but for now we'll just set up a default project.
[info] 
[debug] [2025-03-04T00:16:51.272Z] Using project from CLI flag: checklist-3d13a
[debug] [2025-03-04T00:16:51.273Z] Checked if tokens are valid: false, expires at: 1741048111332
[debug] [2025-03-04T00:16:51.273Z] Checked if tokens are valid: false, expires at: 1741048111332
[debug] [2025-03-04T00:16:51.273Z] > refreshing access token with scopes: []
[debug] [2025-03-04T00:16:51.274Z] >>> [apiv2][query] POST https://www.googleapis.com/oauth2/v3/token [none]
[debug] [2025-03-04T00:16:51.274Z] >>> [apiv2][body] POST https://www.googleapis.com/oauth2/v3/token [omitted]
[debug] [2025-03-04T00:16:51.517Z] <<< [apiv2][status] POST https://www.googleapis.com/oauth2/v3/token 200
[debug] [2025-03-04T00:16:51.517Z] <<< [apiv2][body] POST https://www.googleapis.com/oauth2/v3/token [omitted]
[debug] [2025-03-04T00:16:51.530Z] >>> [apiv2][query] GET https://firebase.googleapis.com/v1beta1/projects/checklist-3d13a [none]
[debug] [2025-03-04T00:16:51.964Z] <<< [apiv2][status] GET https://firebase.googleapis.com/v1beta1/projects/checklist-3d13a 200
[debug] [2025-03-04T00:16:51.964Z] <<< [apiv2][body] GET https://firebase.googleapis.com/v1beta1/projects/checklist-3d13a {"projectId":"checklist-3d13a","projectNumber":"537572989728","displayName":"kakeibo","name":"projects/checklist-3d13a","resources":{"hostingSite":"checklist-3d13a"},"state":"ACTIVE","etag":"1_7fa6f3c7-8317-4f89-a3a0-1ea9aa33d26a"}
[info] i  Using project checklist-3d13a (kakeibo) 
[info] 
=== Dataconnect Setup
[debug] [2025-03-04T00:16:51.969Z] Checked if tokens are valid: true, expires at: 1741051010518
[debug] [2025-03-04T00:16:51.969Z] Checked if tokens are valid: true, expires at: 1741051010518
[debug] [2025-03-04T00:16:51.969Z] >>> [apiv2][query] GET https://cloudbilling.googleapis.com/v1/projects/checklist-3d13a/billingInfo [none]
[debug] [2025-03-04T00:16:52.233Z] <<< [apiv2][status] GET https://cloudbilling.googleapis.com/v1/projects/checklist-3d13a/billingInfo 200
[debug] [2025-03-04T00:16:52.234Z] <<< [apiv2][body] GET https://cloudbilling.googleapis.com/v1/projects/checklist-3d13a/billingInfo {"name":"projects/checklist-3d13a/billingInfo","projectId":"checklist-3d13a","billingAccountName":"","billingEnabled":false}
[info] i  dataconnect: ensuring required API sqladmin.googleapis.com is enabled... 
[debug] [2025-03-04T00:16:52.234Z] Checked if tokens are valid: true, expires at: 1741051010518
[debug] [2025-03-04T00:16:52.234Z] Checked if tokens are valid: true, expires at: 1741051010518
[debug] [2025-03-04T00:16:52.234Z] >>> [apiv2][query] GET https://serviceusage.googleapis.com/v1/projects/checklist-3d13a/services/sqladmin.googleapis.com [none]
[debug] [2025-03-04T00:16:52.235Z] >>> [apiv2][(partial)header] GET https://serviceusage.googleapis.com/v1/projects/checklist-3d13a/services/sqladmin.googleapis.com x-goog-quota-user=projects/checklist-3d13a
[debug] [2025-03-04T00:16:52.626Z] <<< [apiv2][status] GET https://serviceusage.googleapis.com/v1/projects/checklist-3d13a/services/sqladmin.googleapis.com 200
[debug] [2025-03-04T00:16:52.626Z] <<< [apiv2][body] GET https://serviceusage.googleapis.com/v1/projects/checklist-3d13a/services/sqladmin.googleapis.com [omitted]
[info] +  dataconnect: required API sqladmin.googleapis.com is enabled 
[info] i  dataconnect\dataconnect.yaml is unchanged 
[info] i  dataconnect\schema\schema.gql is unchanged 
